24-10-23 14:14:20.220 [main] INFO  c.m.journalApp.JournalAppApplication - Starting JournalAppApplication using Java 23 with PID 36984 (C:\Users\mouli\Desktop\spring boot\Projects\journalApp\journalApp\target\classes started by mouli in C:\Users\mouli\Desktop\spring boot\Projects\journalApp) 
24-10-23 14:14:20.230 [main] INFO  c.m.journalApp.JournalAppApplication - The following 1 profile is active: "prod" 
24-10-23 14:14:21.089 [main] INFO  o.s.d.r.c.RepositoryConfigurationDelegate - Bootstrapping Spring Data MongoDB repositories in DEFAULT mode. 
24-10-23 14:14:21.277 [main] INFO  o.s.d.r.c.RepositoryConfigurationDelegate - Finished Spring Data repository scanning in 183 ms. Found 2 MongoDB repository interfaces. 
24-10-23 14:14:21.900 [main] INFO  o.s.b.w.e.tomcat.TomcatWebServer - Tomcat initialized with port 8089 (http) 
24-10-23 14:14:21.915 [main] INFO  o.a.coyote.http11.Http11NioProtocol - Initializing ProtocolHandler ["http-nio-8089"] 
24-10-23 14:14:21.919 [main] INFO  o.a.catalina.core.StandardService - Starting service [Tomcat] 
24-10-23 14:14:21.919 [main] INFO  o.a.catalina.core.StandardEngine - Starting Servlet engine: [Apache Tomcat/10.1.30] 
24-10-23 14:14:22.011 [main] INFO  o.a.c.c.C.[Tomcat].[localhost].[/] - Initializing Spring embedded WebApplicationContext 
24-10-23 14:14:22.011 [main] INFO  o.s.b.w.s.c.ServletWebServerApplicationContext - Root WebApplicationContext: initialization completed in 1692 ms 
24-10-23 14:14:22.260 [main] INFO  org.mongodb.driver.client - MongoClient with metadata {"driver": {"name": "mongo-java-driver|sync|spring-boot", "version": "5.0.1"}, "os": {"type": "Windows", "name": "Windows 11", "architecture": "amd64", "version": "10.0"}, "platform": "Java/Oracle Corporation/23+37-2369"} created with settings MongoClientSettings{readPreference=primary, writeConcern=WriteConcern{w=null, wTimeout=null ms, journal=null}, retryWrites=true, retryReads=true, readConcern=ReadConcern{level=null}, credential=null, transportSettings=null, commandListeners=[], codecRegistry=ProvidersCodecRegistry{codecProviders=[ValueCodecProvider{}, BsonValueCodecProvider{}, DBRefCodecProvider{}, DBObjectCodecProvider{}, DocumentCodecProvider{}, CollectionCodecProvider{}, IterableCodecProvider{}, MapCodecProvider{}, GeoJsonCodecProvider{}, GridFSFileCodecProvider{}, Jsr310CodecProvider{}, JsonObjectCodecProvider{}, BsonCodecProvider{}, EnumCodecProvider{}, com.mongodb.client.model.mql.ExpressionCodecProvider@7ab2a07e, com.mongodb.Jep395RecordCodecProvider@437c4b25, com.mongodb.KotlinCodecProvider@5ec6fede]}, loggerSettings=LoggerSettings{maxDocumentLength=1000}, clusterSettings={hosts=[localhost:27017], srvServiceName=mongodb, mode=SINGLE, requiredClusterType=UNKNOWN, requiredReplicaSetName='null', serverSelector='null', clusterListeners='[]', serverSelectionTimeout='30000 ms', localThreshold='15 ms'}, socketSettings=SocketSettings{connectTimeoutMS=10000, readTimeoutMS=0, receiveBufferSize=0, proxySettings=ProxySettings{host=null, port=null, username=null, password=null}}, heartbeatSocketSettings=SocketSettings{connectTimeoutMS=10000, readTimeoutMS=10000, receiveBufferSize=0, proxySettings=ProxySettings{host=null, port=null, username=null, password=null}}, connectionPoolSettings=ConnectionPoolSettings{maxSize=100, minSize=0, maxWaitTimeMS=120000, maxConnectionLifeTimeMS=0, maxConnectionIdleTimeMS=0, maintenanceInitialDelayMS=0, maintenanceFrequencyMS=60000, connectionPoolListeners=[], maxConnecting=2}, serverSettings=ServerSettings{heartbeatFrequencyMS=10000, minHeartbeatFrequencyMS=500, serverListeners='[]', serverMonitorListeners='[]'}, sslSettings=SslSettings{enabled=false, invalidHostNameAllowed=false, context=null}, applicationName='null', compressorList=[], uuidRepresentation=JAVA_LEGACY, serverApi=null, autoEncryptionSettings=null, dnsClient=null, inetAddressResolver=null, contextProvider=null} 
24-10-23 14:14:22.293 [cluster-ClusterId{value='6718b7668c0d8d3a608485f5', description='null'}-localhost:27017] INFO  org.mongodb.driver.cluster - Monitor thread successfully connected to server with description ServerDescription{address=localhost:27017, type=STANDALONE, state=CONNECTED, ok=true, minWireVersion=0, maxWireVersion=25, maxDocumentSize=16777216, logicalSessionTimeoutMinutes=30, roundTripTimeNanos=30734800} 
24-10-23 14:14:22.864 [main] INFO  o.s.s.c.a.a.c.InitializeUserDetailsBeanManagerConfigurer$InitializeUserDetailsManagerConfigurer - Global AuthenticationManager configured with UserDetailsService bean with name userDetailsServiceImpl 
24-10-23 14:14:23.154 [main] DEBUG o.s.s.web.DefaultSecurityFilterChain - Will secure any request with filters: DisableEncodeUrlFilter, WebAsyncManagerIntegrationFilter, SecurityContextHolderFilter, HeaderWriterFilter, LogoutFilter, BasicAuthenticationFilter, RequestCacheAwareFilter, SecurityContextHolderAwareRequestFilter, AnonymousAuthenticationFilter, ExceptionTranslationFilter, AuthorizationFilter 
24-10-23 14:14:23.445 [main] INFO  o.a.coyote.http11.Http11NioProtocol - Starting ProtocolHandler ["http-nio-8089"] 
24-10-23 14:14:23.467 [main] INFO  o.s.b.w.e.tomcat.TomcatWebServer - Tomcat started on port 8089 (http) with context path '/' 
24-10-23 14:14:23.475 [main] INFO  c.m.journalApp.JournalAppApplication - Started JournalAppApplication in 3.767 seconds (process running for 4.532) 
24-10-23 14:14:29.111 [http-nio-8089-exec-2] INFO  o.a.c.c.C.[Tomcat].[localhost].[/] - Initializing Spring DispatcherServlet 'dispatcherServlet' 
24-10-23 14:14:29.111 [http-nio-8089-exec-2] INFO  o.s.web.servlet.DispatcherServlet - Initializing Servlet 'dispatcherServlet' 
24-10-23 14:14:29.113 [http-nio-8089-exec-2] INFO  o.s.web.servlet.DispatcherServlet - Completed initialization in 2 ms 
24-10-23 14:14:29.133 [http-nio-8089-exec-2] DEBUG o.s.security.web.FilterChainProxy - Securing GET /user/weather 
24-10-23 14:14:29.430 [http-nio-8089-exec-2] DEBUG o.s.s.a.d.DaoAuthenticationProvider - Authenticated user 
24-10-23 14:14:29.431 [http-nio-8089-exec-2] DEBUG o.s.s.w.a.w.BasicAuthenticationFilter - Set SecurityContextHolder to UsernamePasswordAuthenticationToken [Principal=org.springframework.security.core.userdetails.User [Username=Moulik, Password=[PROTECTED], Enabled=true, AccountNonExpired=true, CredentialsNonExpired=true, AccountNonLocked=true, Granted Authorities=[ROLE_ADMIN, ROLE_USER]], Credentials=[PROTECTED], Authenticated=true, Details=WebAuthenticationDetails [RemoteIpAddress=0:0:0:0:0:0:0:1, SessionId=null], Granted Authorities=[ROLE_ADMIN, ROLE_USER]] 
24-10-23 14:14:29.435 [http-nio-8089-exec-2] DEBUG o.s.security.web.FilterChainProxy - Secured GET /user/weather 
